This is pdfTeX, Version 3.14159265-2.6-1.40.18 (TeX Live 2017) (preloaded format=latex 2018.7.4)  17 AUG 2018 11:53
entering extended mode
 restricted \write18 enabled.
 %&-line parsing enabled.
**129.tex
(./129.tex
LaTeX2e <2017-04-15>

! LaTeX Error: File `beamer.cls' not found.

Type X to quit or <RETURN> to proceed,
or enter new name. (Default extension: cls)

Enter file name: q

! LaTeX Error: File `q.cls' not found.

Type X to quit or <RETURN> to proceed,
or enter new name. (Default extension: cls)

Enter file name: q

! LaTeX Error: File `q.cls' not found.

Type X to quit or <RETURN> to proceed,
or enter new name. (Default extension: cls)

Enter file name: 
! Emergency stop.
<read *> 
         
l.2 \mode
         <presentation>{}^^M
End of file on the terminal!

 
Here is how much of TeX's memory you used:
 12 strings out of 495043
 169 string characters out of 6181451
 43043 words of memory out of 5000000
 3317 multiletter control sequences out of 15000+600000
 3640 words of font info for 14 fonts, out of 8000000 for 9000
 14 hyphenation exceptions out of 8191
 12i,0n,9p,47b,8s stack positions out of 5000i,500n,10000p,200000b,80000s
No pages of output.
